<?xml version="1.0" encoding="UTF-8"?>
<!-- Generated by org.testng.reporters.JUnitXMLReporter -->
<testsuite hostname="Aleems-MacBook-Pro.local" ignored="0" name="Default test" tests="4" failures="0" timestamp="2022-11-22T13:01:31 PKT" time="63.751" errors="0">
  <testcase name="testCellText" time="1.551" classname="auto.testcases.TestChallengingDomPage"/>
  <testcase name="testChallengingPage" time="1.314" classname="auto.testcases.TestChallengingDomPage"/>
  <testcase name="testChallengingPageViaJava8" time="1.375" classname="auto.testcases.TestChallengingDomPage"/>
  <testcase name="testListOfButtons" time="2.329" classname="auto.testcases.TestChallengingDomPage"/>
</testsuite> <!-- Default test -->
