<?xml version="1.0" encoding="UTF-8"?>
<testsuite xmlns:xsi="http://www.w3.org/2001/XMLSchema-instance" xsi:noNamespaceSchemaLocation="https://maven.apache.org/surefire/maven-surefire-plugin/xsd/surefire-test-report.xsd" name="TestSuite" time="1.469" tests="68" errors="0" skipped="34" failures="34">
  <properties>
[...]
</properties>
  <testcase name="setUp" classname="auto.testcases.TestChallengingDomPage" time="0.934">
    <failure message="The driver executable does not exist: /Users/aleem/eclipse-workspace/WebFramework/JWAF/drivers/chromedriver" type="java.lang.IllegalStateException">java.lang.IllegalStateException: The driver executable does not exist: /Users/aleem/eclipse-workspace/WebFramework/JWAF/drivers/chromedriver
</failure>
    <system-out><![CDATA[[INFO ] 2022-10-26 12:06:45.756 [main] Init - # Setup.
[INFO ] 2022-10-26 12:06:45.759 [main] DriverFactory - # WebDriver instance for browser: chrome
]]></system-out>
  </testcase>
  <testcase name="setUp" classname="auto.testcases.TestChallengingDomPage" time="0.008">
    <failure message="The driver executable does not exist: /Users/aleem/eclipse-workspace/WebFramework/JWAF/drivers/chromedriver" type="java.lang.IllegalStateException">java.lang.IllegalStateException: The driver executable does not exist: /Users/aleem/eclipse-workspace/WebFramework/JWAF/drivers/chromedriver
</failure>
    <system-out><![CDATA[[INFO ] 2022-10-26 12:06:45.845 [main] Init - # Teardown.
[INFO ] 2022-10-26 12:06:45.847 [main] Init - # Setup.
[INFO ] 2022-10-26 12:06:45.847 [main] DriverFactory - # WebDriver instance for browser: chrome
]]></system-out>
  </testcase>
  <testcase name="setUp" classname="auto.testcases.TestChallengingDomPage" time="0.002">
    <failure message="The driver executable does not exist: /Users/aleem/eclipse-workspace/WebFramework/JWAF/drivers/chromedriver" type="java.lang.IllegalStateException">java.lang.IllegalStateException: The driver executable does not exist: /Users/aleem/eclipse-workspace/WebFramework/JWAF/drivers/chromedriver
</failure>
    <system-out><![CDATA[[INFO ] 2022-10-26 12:06:45.849 [main] Init - # Teardown.
[INFO ] 2022-10-26 12:06:45.850 [main] Init - # Setup.
[INFO ] 2022-10-26 12:06:45.850 [main] DriverFactory - # WebDriver instance for browser: chrome
]]></system-out>
  </testcase>
  <testcase name="setUp" classname="auto.testcases.TestChallengingDomPage" time="0.002">
    <failure message="The driver executable does not exist: /Users/aleem/eclipse-workspace/WebFramework/JWAF/drivers/chromedriver" type="java.lang.IllegalStateException">java.lang.IllegalStateException: The driver executable does not exist: /Users/aleem/eclipse-workspace/WebFramework/JWAF/drivers/chromedriver
</failure>
    <system-out><![CDATA[[INFO ] 2022-10-26 12:06:45.851 [main] Init - # Teardown.
[INFO ] 2022-10-26 12:06:45.852 [main] Init - # Setup.
[INFO ] 2022-10-26 12:06:45.852 [main] DriverFactory - # WebDriver instance for browser: chrome
]]></system-out>
  </testcase>
  <testcase name="testCellText" classname="auto.testcases.TestChallengingDomPage" time="0">
    <skipped message="The driver executable does not exist: /Users/aleem/eclipse-workspace/WebFramework/JWAF/drivers/chromedriver"/>
  </testcase>
  <testcase name="testChallengingPage" classname="auto.testcases.TestChallengingDomPage" time="0">
    <skipped message="The driver executable does not exist: /Users/aleem/eclipse-workspace/WebFramework/JWAF/drivers/chromedriver"/>
  </testcase>
  <testcase name="testChallengingPageViaJava8" classname="auto.testcases.TestChallengingDomPage" time="0">
    <skipped message="The driver executable does not exist: /Users/aleem/eclipse-workspace/WebFramework/JWAF/drivers/chromedriver"/>
  </testcase>
  <testcase name="testListOfButtons" classname="auto.testcases.TestChallengingDomPage" time="0">
    <skipped message="The driver executable does not exist: /Users/aleem/eclipse-workspace/WebFramework/JWAF/drivers/chromedriver"/>
  </testcase>
  <testcase name="setUp" classname="auto.testcases.TestLogin" time="0.021">
    <failure message="The driver executable does not exist: /Users/aleem/eclipse-workspace/WebFramework/JWAF/drivers/chromedriver" type="java.lang.IllegalStateException">java.lang.IllegalStateException: The driver executable does not exist: /Users/aleem/eclipse-workspace/WebFramework/JWAF/drivers/chromedriver
</failure>
    <system-out><![CDATA[[INFO ] 2022-10-26 12:06:45.853 [main] Init - # Teardown.
[INFO ] 2022-10-26 12:06:45.873 [main] Init - # Setup.
[INFO ] 2022-10-26 12:06:45.873 [main] DriverFactory - # WebDriver instance for browser: chrome
]]></system-out>
  </testcase>
  <testcase name="setUp" classname="auto.testcases.TestLogin" time="0.005">
    <failure message="The driver executable does not exist: /Users/aleem/eclipse-workspace/WebFramework/JWAF/drivers/chromedriver" type="java.lang.IllegalStateException">java.lang.IllegalStateException: The driver executable does not exist: /Users/aleem/eclipse-workspace/WebFramework/JWAF/drivers/chromedriver
</failure>
    <system-out><![CDATA[[INFO ] 2022-10-26 12:06:45.874 [main] Init - # Teardown.
[INFO ] 2022-10-26 12:06:45.877 [main] Init - # Setup.
[INFO ] 2022-10-26 12:06:45.877 [main] DriverFactory - # WebDriver instance for browser: chrome
]]></system-out>
  </testcase>
  <testcase name="setUp" classname="auto.testcases.TestLogin" time="0.005">
    <failure message="The driver executable does not exist: /Users/aleem/eclipse-workspace/WebFramework/JWAF/drivers/chromedriver" type="java.lang.IllegalStateException">java.lang.IllegalStateException: The driver executable does not exist: /Users/aleem/eclipse-workspace/WebFramework/JWAF/drivers/chromedriver
</failure>
    <system-out><![CDATA[[INFO ] 2022-10-26 12:06:45.879 [main] Init - # Teardown.
[INFO ] 2022-10-26 12:06:45.882 [main] Init - # Setup.
[INFO ] 2022-10-26 12:06:45.882 [main] DriverFactory - # WebDriver instance for browser: chrome
]]></system-out>
  </testcase>
  <testcase name="setUp" classname="auto.testcases.TestLogin" time="0.003">
    <failure message="The driver executable does not exist: /Users/aleem/eclipse-workspace/WebFramework/JWAF/drivers/chromedriver" type="java.lang.IllegalStateException">java.lang.IllegalStateException: The driver executable does not exist: /Users/aleem/eclipse-workspace/WebFramework/JWAF/drivers/chromedriver
</failure>
    <system-out><![CDATA[[INFO ] 2022-10-26 12:06:45.884 [main] Init - # Teardown.
[INFO ] 2022-10-26 12:06:45.885 [main] Init - # Setup.
[INFO ] 2022-10-26 12:06:45.886 [main] DriverFactory - # WebDriver instance for browser: chrome
]]></system-out>
  </testcase>
  <testcase name="testLoginByJava8Way" classname="auto.testcases.TestLogin" time="0">
    <skipped message="The driver executable does not exist: /Users/aleem/eclipse-workspace/WebFramework/JWAF/drivers/chromedriver"/>
  </testcase>
  <testcase name="testLoginUsingCssSelector" classname="auto.testcases.TestLogin" time="0">
    <skipped message="The driver executable does not exist: /Users/aleem/eclipse-workspace/WebFramework/JWAF/drivers/chromedriver"/>
  </testcase>
  <testcase name="testLoginUsingXpath" classname="auto.testcases.TestLogin" time="0">
    <skipped message="The driver executable does not exist: /Users/aleem/eclipse-workspace/WebFramework/JWAF/drivers/chromedriver"/>
  </testcase>
  <testcase name="testLoginWithInvalidUser" classname="auto.testcases.TestLogin" time="0">
    <skipped message="The driver executable does not exist: /Users/aleem/eclipse-workspace/WebFramework/JWAF/drivers/chromedriver"/>
  </testcase>
  <testcase name="setUp" classname="auto.testcases.TestHover" time="0.002">
    <failure message="The driver executable does not exist: /Users/aleem/eclipse-workspace/WebFramework/JWAF/drivers/chromedriver" type="java.lang.IllegalStateException">java.lang.IllegalStateException: The driver executable does not exist: /Users/aleem/eclipse-workspace/WebFramework/JWAF/drivers/chromedriver
</failure>
    <system-out><![CDATA[[INFO ] 2022-10-26 12:06:45.887 [main] Init - # Teardown.
[INFO ] 2022-10-26 12:06:45.889 [main] Init - # Setup.
[INFO ] 2022-10-26 12:06:45.889 [main] DriverFactory - # WebDriver instance for browser: chrome
]]></system-out>
  </testcase>
  <testcase name="testFrame" classname="auto.testcases.TestHover" time="0">
    <skipped message="The driver executable does not exist: /Users/aleem/eclipse-workspace/WebFramework/JWAF/drivers/chromedriver"/>
  </testcase>
  <testcase name="setUp" classname="auto.testcases.TestDropdownPage" time="0.002">
    <failure message="The driver executable does not exist: /Users/aleem/eclipse-workspace/WebFramework/JWAF/drivers/chromedriver" type="java.lang.IllegalStateException">java.lang.IllegalStateException: The driver executable does not exist: /Users/aleem/eclipse-workspace/WebFramework/JWAF/drivers/chromedriver
</failure>
    <system-out><![CDATA[[INFO ] 2022-10-26 12:06:45.890 [main] Init - # Teardown.
[INFO ] 2022-10-26 12:06:45.890 [main] Init - # Setup.
[INFO ] 2022-10-26 12:06:45.890 [main] DriverFactory - # WebDriver instance for browser: chrome
]]></system-out>
  </testcase>
  <testcase name="testDropdownPage" classname="auto.testcases.TestDropdownPage" time="0">
    <skipped message="The driver executable does not exist: /Users/aleem/eclipse-workspace/WebFramework/JWAF/drivers/chromedriver"/>
  </testcase>
  <testcase name="setUp" classname="auto.testcases.TestKeyPresses" time="0.005">
    <failure message="The driver executable does not exist: /Users/aleem/eclipse-workspace/WebFramework/JWAF/drivers/chromedriver" type="java.lang.IllegalStateException">java.lang.IllegalStateException: The driver executable does not exist: /Users/aleem/eclipse-workspace/WebFramework/JWAF/drivers/chromedriver
</failure>
    <system-out><![CDATA[[INFO ] 2022-10-26 12:06:45.893 [main] Init - # Teardown.
[INFO ] 2022-10-26 12:06:45.894 [main] Init - # Setup.
[INFO ] 2022-10-26 12:06:45.894 [main] DriverFactory - # WebDriver instance for browser: chrome
]]></system-out>
  </testcase>
  <testcase name="testKeyPresses" classname="auto.testcases.TestKeyPresses" time="0">
    <skipped message="The driver executable does not exist: /Users/aleem/eclipse-workspace/WebFramework/JWAF/drivers/chromedriver"/>
  </testcase>
  <testcase name="setUp" classname="auto.testcases.TestAlert" time="0.001">
    <failure message="The driver executable does not exist: /Users/aleem/eclipse-workspace/WebFramework/JWAF/drivers/chromedriver" type="java.lang.IllegalStateException">java.lang.IllegalStateException: The driver executable does not exist: /Users/aleem/eclipse-workspace/WebFramework/JWAF/drivers/chromedriver
</failure>
    <system-out><![CDATA[[INFO ] 2022-10-26 12:06:45.895 [main] Init - # Teardown.
[INFO ] 2022-10-26 12:06:45.896 [main] Init - # Setup.
[INFO ] 2022-10-26 12:06:45.896 [main] DriverFactory - # WebDriver instance for browser: chrome
]]></system-out>
  </testcase>
  <testcase name="setUp" classname="auto.testcases.TestAlert" time="0.005">
    <failure message="The driver executable does not exist: /Users/aleem/eclipse-workspace/WebFramework/JWAF/drivers/chromedriver" type="java.lang.IllegalStateException">java.lang.IllegalStateException: The driver executable does not exist: /Users/aleem/eclipse-workspace/WebFramework/JWAF/drivers/chromedriver
</failure>
    <system-out><![CDATA[[INFO ] 2022-10-26 12:06:45.897 [main] Init - # Teardown.
[INFO ] 2022-10-26 12:06:45.900 [main] Init - # Setup.
[INFO ] 2022-10-26 12:06:45.900 [main] DriverFactory - # WebDriver instance for browser: chrome
]]></system-out>
  </testcase>
  <testcase name="setUp" classname="auto.testcases.TestAlert" time="0.003">
    <failure message="The driver executable does not exist: /Users/aleem/eclipse-workspace/WebFramework/JWAF/drivers/chromedriver" type="java.lang.IllegalStateException">java.lang.IllegalStateException: The driver executable does not exist: /Users/aleem/eclipse-workspace/WebFramework/JWAF/drivers/chromedriver
</failure>
    <system-out><![CDATA[[INFO ] 2022-10-26 12:06:45.903 [main] Init - # Teardown.
[INFO ] 2022-10-26 12:06:45.904 [main] Init - # Setup.
[INFO ] 2022-10-26 12:06:45.904 [main] DriverFactory - # WebDriver instance for browser: chrome
]]></system-out>
  </testcase>
  <testcase name="testClickForJSAlert" classname="auto.testcases.TestAlert" time="0">
    <skipped message="The driver executable does not exist: /Users/aleem/eclipse-workspace/WebFramework/JWAF/drivers/chromedriver"/>
  </testcase>
  <testcase name="testClickForJSConfirm" classname="auto.testcases.TestAlert" time="0">
    <skipped message="The driver executable does not exist: /Users/aleem/eclipse-workspace/WebFramework/JWAF/drivers/chromedriver"/>
  </testcase>
  <testcase name="testClickForJSPrompt" classname="auto.testcases.TestAlert" time="0">
    <skipped message="The driver executable does not exist: /Users/aleem/eclipse-workspace/WebFramework/JWAF/drivers/chromedriver"/>
  </testcase>
  <testcase name="setUp" classname="auto.testcases.TestBasicAuth" time="0.004">
    <failure message="The driver executable does not exist: /Users/aleem/eclipse-workspace/WebFramework/JWAF/drivers/chromedriver" type="java.lang.IllegalStateException">java.lang.IllegalStateException: The driver executable does not exist: /Users/aleem/eclipse-workspace/WebFramework/JWAF/drivers/chromedriver
</failure>
    <system-out><![CDATA[[INFO ] 2022-10-26 12:06:45.906 [main] Init - # Teardown.
[INFO ] 2022-10-26 12:06:45.906 [main] Init - # Setup.
[INFO ] 2022-10-26 12:06:45.906 [main] DriverFactory - # WebDriver instance for browser: chrome
]]></system-out>
  </testcase>
  <testcase name="testBasicAuth" classname="auto.testcases.TestBasicAuth" time="0">
    <skipped message="The driver executable does not exist: /Users/aleem/eclipse-workspace/WebFramework/JWAF/drivers/chromedriver"/>
  </testcase>
  <testcase name="setUp" classname="auto.testcases.TestCheckboxPage" time="0.003">
    <failure message="The driver executable does not exist: /Users/aleem/eclipse-workspace/WebFramework/JWAF/drivers/chromedriver" type="java.lang.IllegalStateException">java.lang.IllegalStateException: The driver executable does not exist: /Users/aleem/eclipse-workspace/WebFramework/JWAF/drivers/chromedriver
</failure>
    <system-out><![CDATA[[INFO ] 2022-10-26 12:06:45.909 [main] Init - # Teardown.
[INFO ] 2022-10-26 12:06:45.911 [main] Init - # Setup.
[INFO ] 2022-10-26 12:06:45.911 [main] DriverFactory - # WebDriver instance for browser: chrome
]]></system-out>
  </testcase>
  <testcase name="setUp" classname="auto.testcases.TestCheckboxPage" time="0.003">
    <failure message="The driver executable does not exist: /Users/aleem/eclipse-workspace/WebFramework/JWAF/drivers/chromedriver" type="java.lang.IllegalStateException">java.lang.IllegalStateException: The driver executable does not exist: /Users/aleem/eclipse-workspace/WebFramework/JWAF/drivers/chromedriver
</failure>
    <system-out><![CDATA[[INFO ] 2022-10-26 12:06:45.912 [main] Init - # Teardown.
[INFO ] 2022-10-26 12:06:45.913 [main] Init - # Setup.
[INFO ] 2022-10-26 12:06:45.913 [main] DriverFactory - # WebDriver instance for browser: chrome
]]></system-out>
  </testcase>
  <testcase name="setUp" classname="auto.testcases.TestCheckboxPage" time="0.002">
    <failure message="The driver executable does not exist: /Users/aleem/eclipse-workspace/WebFramework/JWAF/drivers/chromedriver" type="java.lang.IllegalStateException">java.lang.IllegalStateException: The driver executable does not exist: /Users/aleem/eclipse-workspace/WebFramework/JWAF/drivers/chromedriver
</failure>
    <system-out><![CDATA[[INFO ] 2022-10-26 12:06:45.915 [main] Init - # Teardown.
[INFO ] 2022-10-26 12:06:45.916 [main] Init - # Setup.
[INFO ] 2022-10-26 12:06:45.916 [main] DriverFactory - # WebDriver instance for browser: chrome
]]></system-out>
  </testcase>
  <testcase name="testCheckboxPage" classname="auto.testcases.TestCheckboxPage" time="0">
    <skipped message="The driver executable does not exist: /Users/aleem/eclipse-workspace/WebFramework/JWAF/drivers/chromedriver"/>
  </testcase>
  <testcase name="testCheckboxViaSmartWay" classname="auto.testcases.TestCheckboxPage" time="0">
    <skipped message="The driver executable does not exist: /Users/aleem/eclipse-workspace/WebFramework/JWAF/drivers/chromedriver"/>
  </testcase>
  <testcase name="testToSelectAllCheckboxes" classname="auto.testcases.TestCheckboxPage" time="0">
    <skipped message="The driver executable does not exist: /Users/aleem/eclipse-workspace/WebFramework/JWAF/drivers/chromedriver"/>
  </testcase>
  <testcase name="setUp" classname="auto.testcases.TestInfiniteScroll" time="0.002">
    <failure message="The driver executable does not exist: /Users/aleem/eclipse-workspace/WebFramework/JWAF/drivers/chromedriver" type="java.lang.IllegalStateException">java.lang.IllegalStateException: The driver executable does not exist: /Users/aleem/eclipse-workspace/WebFramework/JWAF/drivers/chromedriver
</failure>
    <system-out><![CDATA[[INFO ] 2022-10-26 12:06:45.917 [main] Init - # Teardown.
[INFO ] 2022-10-26 12:06:45.918 [main] Init - # Setup.
[INFO ] 2022-10-26 12:06:45.918 [main] DriverFactory - # WebDriver instance for browser: chrome
]]></system-out>
  </testcase>
  <testcase name="testFrame" classname="auto.testcases.TestInfiniteScroll" time="0">
    <skipped message="The driver executable does not exist: /Users/aleem/eclipse-workspace/WebFramework/JWAF/drivers/chromedriver"/>
  </testcase>
  <testcase name="setUp" classname="auto.testcases.TestDisappearingElementsPage" time="0.003">
    <failure message="The driver executable does not exist: /Users/aleem/eclipse-workspace/WebFramework/JWAF/drivers/chromedriver" type="java.lang.IllegalStateException">java.lang.IllegalStateException: The driver executable does not exist: /Users/aleem/eclipse-workspace/WebFramework/JWAF/drivers/chromedriver
</failure>
    <system-out><![CDATA[[INFO ] 2022-10-26 12:06:45.919 [main] Init - # Teardown.
[INFO ] 2022-10-26 12:06:45.921 [main] Init - # Setup.
[INFO ] 2022-10-26 12:06:45.921 [main] DriverFactory - # WebDriver instance for browser: chrome
]]></system-out>
  </testcase>
  <testcase name="testChallengingPage" classname="auto.testcases.TestDisappearingElementsPage" time="0">
    <skipped message="The driver executable does not exist: /Users/aleem/eclipse-workspace/WebFramework/JWAF/drivers/chromedriver"/>
  </testcase>
  <testcase name="setUp" classname="auto.testcases.TestDynamicLoadings" time="0.005">
    <failure message="The driver executable does not exist: /Users/aleem/eclipse-workspace/WebFramework/JWAF/drivers/chromedriver" type="java.lang.IllegalStateException">java.lang.IllegalStateException: The driver executable does not exist: /Users/aleem/eclipse-workspace/WebFramework/JWAF/drivers/chromedriver
</failure>
    <system-out><![CDATA[[INFO ] 2022-10-26 12:06:45.923 [main] Init - # Teardown.
[INFO ] 2022-10-26 12:06:45.925 [main] Init - # Setup.
[INFO ] 2022-10-26 12:06:45.926 [main] DriverFactory - # WebDriver instance for browser: chrome
]]></system-out>
  </testcase>
  <testcase name="setUp" classname="auto.testcases.TestDynamicLoadings" time="0.002">
    <failure message="The driver executable does not exist: /Users/aleem/eclipse-workspace/WebFramework/JWAF/drivers/chromedriver" type="java.lang.IllegalStateException">java.lang.IllegalStateException: The driver executable does not exist: /Users/aleem/eclipse-workspace/WebFramework/JWAF/drivers/chromedriver
</failure>
    <system-out><![CDATA[[INFO ] 2022-10-26 12:06:45.927 [main] Init - # Teardown.
[INFO ] 2022-10-26 12:06:45.928 [main] Init - # Setup.
[INFO ] 2022-10-26 12:06:45.928 [main] DriverFactory - # WebDriver instance for browser: chrome
]]></system-out>
  </testcase>
  <testcase name="testDynamicLoadingsHidden" classname="auto.testcases.TestDynamicLoadings" time="0">
    <skipped message="The driver executable does not exist: /Users/aleem/eclipse-workspace/WebFramework/JWAF/drivers/chromedriver"/>
  </testcase>
  <testcase name="testDynamicLoadingsRender" classname="auto.testcases.TestDynamicLoadings" time="0">
    <skipped message="The driver executable does not exist: /Users/aleem/eclipse-workspace/WebFramework/JWAF/drivers/chromedriver"/>
  </testcase>
  <testcase name="setUp" classname="auto.testcases.TestWelcomePage" time="0.003">
    <failure message="The driver executable does not exist: /Users/aleem/eclipse-workspace/WebFramework/JWAF/drivers/chromedriver" type="java.lang.IllegalStateException">java.lang.IllegalStateException: The driver executable does not exist: /Users/aleem/eclipse-workspace/WebFramework/JWAF/drivers/chromedriver
</failure>
    <system-out><![CDATA[[INFO ] 2022-10-26 12:06:45.930 [main] Init - # Teardown.
[INFO ] 2022-10-26 12:06:45.931 [main] Init - # Setup.
[INFO ] 2022-10-26 12:06:45.931 [main] DriverFactory - # WebDriver instance for browser: chrome
]]></system-out>
  </testcase>
  <testcase name="testWelcomePage" classname="auto.testcases.TestWelcomePage" time="0">
    <skipped message="The driver executable does not exist: /Users/aleem/eclipse-workspace/WebFramework/JWAF/drivers/chromedriver"/>
  </testcase>
  <testcase name="setUp" classname="auto.testcases.TestLargeDeepDOM" time="0.004">
    <failure message="The driver executable does not exist: /Users/aleem/eclipse-workspace/WebFramework/JWAF/drivers/chromedriver" type="java.lang.IllegalStateException">java.lang.IllegalStateException: The driver executable does not exist: /Users/aleem/eclipse-workspace/WebFramework/JWAF/drivers/chromedriver
</failure>
    <system-out><![CDATA[[INFO ] 2022-10-26 12:06:45.933 [main] Init - # Teardown.
[INFO ] 2022-10-26 12:06:45.935 [main] Init - # Setup.
[INFO ] 2022-10-26 12:06:45.935 [main] DriverFactory - # WebDriver instance for browser: chrome
]]></system-out>
  </testcase>
  <testcase name="testLargeDeepDOM" classname="auto.testcases.TestLargeDeepDOM" time="0">
    <skipped message="The driver executable does not exist: /Users/aleem/eclipse-workspace/WebFramework/JWAF/drivers/chromedriver"/>
  </testcase>
  <testcase name="setUp" classname="auto.testcases.TestFileUploader" time="0.001">
    <failure message="The driver executable does not exist: /Users/aleem/eclipse-workspace/WebFramework/JWAF/drivers/chromedriver" type="java.lang.IllegalStateException">java.lang.IllegalStateException: The driver executable does not exist: /Users/aleem/eclipse-workspace/WebFramework/JWAF/drivers/chromedriver
</failure>
    <system-out><![CDATA[[INFO ] 2022-10-26 12:06:45.936 [main] Init - # Teardown.
[INFO ] 2022-10-26 12:06:45.936 [main] Init - # Setup.
[INFO ] 2022-10-26 12:06:45.936 [main] DriverFactory - # WebDriver instance for browser: chrome
]]></system-out>
  </testcase>
  <testcase name="testFrame" classname="auto.testcases.TestFileUploader" time="0">
    <skipped message="The driver executable does not exist: /Users/aleem/eclipse-workspace/WebFramework/JWAF/drivers/chromedriver"/>
  </testcase>
  <testcase name="setUp" classname="auto.testcases.TestMultipleWindows" time="0.001">
    <failure message="The driver executable does not exist: /Users/aleem/eclipse-workspace/WebFramework/JWAF/drivers/chromedriver" type="java.lang.IllegalStateException">java.lang.IllegalStateException: The driver executable does not exist: /Users/aleem/eclipse-workspace/WebFramework/JWAF/drivers/chromedriver
</failure>
    <system-out><![CDATA[[INFO ] 2022-10-26 12:06:45.937 [main] Init - # Teardown.
[INFO ] 2022-10-26 12:06:45.937 [main] Init - # Setup.
[INFO ] 2022-10-26 12:06:45.937 [main] DriverFactory - # WebDriver instance for browser: chrome
]]></system-out>
  </testcase>
  <testcase name="testFrame" classname="auto.testcases.TestMultipleWindows" time="0">
    <skipped message="The driver executable does not exist: /Users/aleem/eclipse-workspace/WebFramework/JWAF/drivers/chromedriver"/>
  </testcase>
  <testcase name="setUp" classname="auto.testcases.TestContextMenuPage" time="0.003">
    <failure message="The driver executable does not exist: /Users/aleem/eclipse-workspace/WebFramework/JWAF/drivers/chromedriver" type="java.lang.IllegalStateException">java.lang.IllegalStateException: The driver executable does not exist: /Users/aleem/eclipse-workspace/WebFramework/JWAF/drivers/chromedriver
</failure>
    <system-out><![CDATA[[INFO ] 2022-10-26 12:06:45.939 [main] Init - # Teardown.
[INFO ] 2022-10-26 12:06:45.940 [main] Init - # Setup.
[INFO ] 2022-10-26 12:06:45.940 [main] DriverFactory - # WebDriver instance for browser: chrome
]]></system-out>
  </testcase>
  <testcase name="testChallengingPage" classname="auto.testcases.TestContextMenuPage" time="0">
    <skipped message="The driver executable does not exist: /Users/aleem/eclipse-workspace/WebFramework/JWAF/drivers/chromedriver"/>
  </testcase>
  <testcase name="setUp" classname="auto.testcases.TestDragAndDrop" time="0.002">
    <failure message="The driver executable does not exist: /Users/aleem/eclipse-workspace/WebFramework/JWAF/drivers/chromedriver" type="java.lang.IllegalStateException">java.lang.IllegalStateException: The driver executable does not exist: /Users/aleem/eclipse-workspace/WebFramework/JWAF/drivers/chromedriver
</failure>
    <system-out><![CDATA[[INFO ] 2022-10-26 12:06:45.941 [main] Init - # Teardown.
[INFO ] 2022-10-26 12:06:45.942 [main] Init - # Setup.
[INFO ] 2022-10-26 12:06:45.942 [main] DriverFactory - # WebDriver instance for browser: chrome
]]></system-out>
  </testcase>
  <testcase name="testDragAndDrop" classname="auto.testcases.TestDragAndDrop" time="0">
    <skipped message="The driver executable does not exist: /Users/aleem/eclipse-workspace/WebFramework/JWAF/drivers/chromedriver"/>
  </testcase>
  <testcase name="setUp" classname="auto.testcases.TestDynamicControls" time="0.004">
    <failure message="The driver executable does not exist: /Users/aleem/eclipse-workspace/WebFramework/JWAF/drivers/chromedriver" type="java.lang.IllegalStateException">java.lang.IllegalStateException: The driver executable does not exist: /Users/aleem/eclipse-workspace/WebFramework/JWAF/drivers/chromedriver
</failure>
    <system-out><![CDATA[[INFO ] 2022-10-26 12:06:45.946 [main] Init - # Teardown.
[INFO ] 2022-10-26 12:06:45.946 [main] Init - # Setup.
[INFO ] 2022-10-26 12:06:45.947 [main] DriverFactory - # WebDriver instance for browser: chrome
]]></system-out>
  </testcase>
  <testcase name="setUp" classname="auto.testcases.TestDynamicControls" time="0.003">
    <failure message="The driver executable does not exist: /Users/aleem/eclipse-workspace/WebFramework/JWAF/drivers/chromedriver" type="java.lang.IllegalStateException">java.lang.IllegalStateException: The driver executable does not exist: /Users/aleem/eclipse-workspace/WebFramework/JWAF/drivers/chromedriver
</failure>
    <system-out><![CDATA[[INFO ] 2022-10-26 12:06:45.947 [main] Init - # Teardown.
[INFO ] 2022-10-26 12:06:45.949 [main] Init - # Setup.
[INFO ] 2022-10-26 12:06:45.949 [main] DriverFactory - # WebDriver instance for browser: chrome
]]></system-out>
  </testcase>
  <testcase name="testDynamicControlsAdd" classname="auto.testcases.TestDynamicControls" time="0">
    <skipped message="The driver executable does not exist: /Users/aleem/eclipse-workspace/WebFramework/JWAF/drivers/chromedriver"/>
  </testcase>
  <testcase name="testDynamicControlsRemove" classname="auto.testcases.TestDynamicControls" time="0">
    <skipped message="The driver executable does not exist: /Users/aleem/eclipse-workspace/WebFramework/JWAF/drivers/chromedriver"/>
  </testcase>
  <testcase name="setUp" classname="auto.testcases.TestFrame" time="0.002">
    <failure message="The driver executable does not exist: /Users/aleem/eclipse-workspace/WebFramework/JWAF/drivers/chromedriver" type="java.lang.IllegalStateException">java.lang.IllegalStateException: The driver executable does not exist: /Users/aleem/eclipse-workspace/WebFramework/JWAF/drivers/chromedriver
</failure>
    <system-out><![CDATA[[INFO ] 2022-10-26 12:06:45.950 [main] Init - # Teardown.
[INFO ] 2022-10-26 12:06:45.951 [main] Init - # Setup.
[INFO ] 2022-10-26 12:06:45.951 [main] DriverFactory - # WebDriver instance for browser: chrome
]]></system-out>
  </testcase>
  <testcase name="setUp" classname="auto.testcases.TestFrame" time="0">
    <failure message="The driver executable does not exist: /Users/aleem/eclipse-workspace/WebFramework/JWAF/drivers/chromedriver" type="java.lang.IllegalStateException">java.lang.IllegalStateException: The driver executable does not exist: /Users/aleem/eclipse-workspace/WebFramework/JWAF/drivers/chromedriver
</failure>
    <system-out><![CDATA[[INFO ] 2022-10-26 12:06:45.952 [main] Init - # Teardown.
[INFO ] 2022-10-26 12:06:45.952 [main] Init - # Setup.
[INFO ] 2022-10-26 12:06:45.952 [main] DriverFactory - # WebDriver instance for browser: chrome
]]></system-out>
  </testcase>
  <testcase name="testFrame" classname="auto.testcases.TestFrame" time="0">
    <skipped message="The driver executable does not exist: /Users/aleem/eclipse-workspace/WebFramework/JWAF/drivers/chromedriver"/>
  </testcase>
  <testcase name="testIFrame" classname="auto.testcases.TestFrame" time="0">
    <skipped message="The driver executable does not exist: /Users/aleem/eclipse-workspace/WebFramework/JWAF/drivers/chromedriver"/>
  </testcase>
  <testcase name="setUp" classname="auto.testcases.TestHorizontalSlider" time="0.001">
    <failure message="The driver executable does not exist: /Users/aleem/eclipse-workspace/WebFramework/JWAF/drivers/chromedriver" type="java.lang.IllegalStateException">java.lang.IllegalStateException: The driver executable does not exist: /Users/aleem/eclipse-workspace/WebFramework/JWAF/drivers/chromedriver
</failure>
    <system-out><![CDATA[[INFO ] 2022-10-26 12:06:45.953 [main] Init - # Teardown.
[INFO ] 2022-10-26 12:06:45.953 [main] Init - # Setup.
[INFO ] 2022-10-26 12:06:45.953 [main] DriverFactory - # WebDriver instance for browser: chrome
]]></system-out>
  </testcase>
  <testcase name="testFrame" classname="auto.testcases.TestHorizontalSlider" time="0">
    <skipped message="The driver executable does not exist: /Users/aleem/eclipse-workspace/WebFramework/JWAF/drivers/chromedriver"/>
  </testcase>
  <testcase name="setUp" classname="auto.testcases.TestFileDownloader" time="0.001">
    <failure message="The driver executable does not exist: /Users/aleem/eclipse-workspace/WebFramework/JWAF/drivers/chromedriver" type="java.lang.IllegalStateException">java.lang.IllegalStateException: The driver executable does not exist: /Users/aleem/eclipse-workspace/WebFramework/JWAF/drivers/chromedriver
</failure>
    <system-out><![CDATA[[INFO ] 2022-10-26 12:06:45.953 [main] Init - # Teardown.
[INFO ] 2022-10-26 12:06:45.954 [main] Init - # Setup.
[INFO ] 2022-10-26 12:06:45.954 [main] DriverFactory - # WebDriver instance for browser: chrome
]]></system-out>
  </testcase>
  <testcase name="testFrame" classname="auto.testcases.TestFileDownloader" time="0">
    <skipped message="The driver executable does not exist: /Users/aleem/eclipse-workspace/WebFramework/JWAF/drivers/chromedriver"/>
  </testcase>
</testsuite>